<?xml version="1.0" encoding="UTF-8"?>
<!-- Generated by org.testng.reporters.JUnitReportReporter -->
<testsuite skipped="0" hostname="SUSHIMTA" name="com.myMavenProject.MavenScriptTest.LoggInTest" tests="1" failures="0" timestamp="03 Mar 2018 21:42:36 GMT" time="28.763" errors="0">
  <testcase name="loggin" time="28.763" classname="com.myMavenProject.MavenScriptTest.LoggInTest"/>
</testsuite> <!-- com.myMavenProject.MavenScriptTest.LoggInTest -->
